c:\users\s22130235\desktop\project\pbrt-v3\build\cmakefiles\generate.stamp
c:\users\s22130235\desktop\project\pbrt-v3\build\src\ext\zlib\cmakefiles\generate.stamp
c:\users\s22130235\desktop\project\pbrt-v3\build\src\ext\openexr\cmakefiles\generate.stamp
c:\users\s22130235\desktop\project\pbrt-v3\build\src\ext\openexr\ilmbase\cmakefiles\generate.stamp
c:\users\s22130235\desktop\project\pbrt-v3\build\src\ext\openexr\ilmbase\half\cmakefiles\generate.stamp
c:\users\s22130235\desktop\project\pbrt-v3\build\src\ext\openexr\ilmbase\iex\cmakefiles\generate.stamp
c:\users\s22130235\desktop\project\pbrt-v3\build\src\ext\openexr\ilmbase\iexmath\cmakefiles\generate.stamp
c:\users\s22130235\desktop\project\pbrt-v3\build\src\ext\openexr\ilmbase\imath\cmakefiles\generate.stamp
c:\users\s22130235\desktop\project\pbrt-v3\build\src\ext\openexr\ilmbase\ilmthread\cmakefiles\generate.stamp
c:\users\s22130235\desktop\project\pbrt-v3\build\src\ext\openexr\openexr\cmakefiles\generate.stamp
c:\users\s22130235\desktop\project\pbrt-v3\build\src\ext\openexr\openexr\ilmimf\cmakefiles\generate.stamp
c:\users\s22130235\desktop\project\pbrt-v3\build\src\ext\glog\cmakefiles\generate.stamp
c:\users\s22130235\desktop\project\pbrt-v3\build\src\ext\ptex\cmakefiles\generate.stamp
c:\users\s22130235\desktop\project\pbrt-v3\build\src\ext\ptex\src\ptex\cmakefiles\generate.stamp
c:\users\s22130235\desktop\project\pbrt-v3\build\src\ext\ptex\src\utils\cmakefiles\generate.stamp
c:\users\s22130235\desktop\project\pbrt-v3\build\src\ext\ptex\src\tests\cmakefiles\generate.stamp
c:\users\s22130235\desktop\project\pbrt-v3\build\src\ext\ptex\src\doc\cmakefiles\generate.stamp
c:\users\s22130235\desktop\project\pbrt-v3\build\x64\release\zero_check\zero_check.tlog\custombuild.command.1.tlog
c:\users\s22130235\desktop\project\pbrt-v3\build\x64\release\zero_check\zero_check.tlog\custombuild.read.1.tlog
c:\users\s22130235\desktop\project\pbrt-v3\build\x64\release\zero_check\zero_check.tlog\custombuild.write.1.tlog
