c:\users\s22130235\desktop\project\pbrt-v3\build\pbrt.dir\release\memory.obj
c:\users\s22130235\desktop\project\pbrt-v3\build\pbrt.dir\release\medium.obj
c:\users\s22130235\desktop\project\pbrt-v3\build\pbrt.dir\release\material.obj
c:\users\s22130235\desktop\project\pbrt-v3\build\pbrt.dir\release\lowdiscrepancy.obj
c:\users\s22130235\desktop\project\pbrt-v3\build\pbrt.dir\release\lightdistrib.obj
c:\users\s22130235\desktop\project\pbrt-v3\build\pbrt.dir\release\light.obj
c:\users\s22130235\desktop\project\pbrt-v3\build\pbrt.dir\release\interpolation.obj
c:\users\s22130235\desktop\project\pbrt-v3\build\pbrt.dir\release\interaction.obj
c:\users\s22130235\desktop\project\pbrt-v3\build\pbrt.dir\release\integrator.obj
c:\users\s22130235\desktop\project\pbrt-v3\build\pbrt.dir\release\imageio.obj
c:\users\s22130235\desktop\project\pbrt-v3\build\pbrt.dir\release\geometry.obj
c:\users\s22130235\desktop\project\pbrt-v3\build\pbrt.dir\release\floatfile.obj
c:\users\s22130235\desktop\project\pbrt-v3\build\pbrt.dir\release\filter.obj
c:\users\s22130235\desktop\project\pbrt-v3\build\pbrt.dir\release\film.obj
c:\users\s22130235\desktop\project\pbrt-v3\build\pbrt.dir\release\fileutil.obj
c:\users\s22130235\desktop\project\pbrt-v3\build\pbrt.dir\release\error.obj
c:\users\s22130235\desktop\project\pbrt-v3\build\pbrt.dir\release\efloat.obj
c:\users\s22130235\desktop\project\pbrt-v3\build\pbrt.dir\release\camera.obj
c:\users\s22130235\desktop\project\pbrt-v3\build\pbrt.dir\release\bssrdf.obj
c:\users\s22130235\desktop\project\pbrt-v3\build\pbrt.dir\release\api.obj
c:\users\s22130235\desktop\project\pbrt-v3\build\pbrt.dir\release\environment.obj
c:\users\s22130235\desktop\project\pbrt-v3\build\pbrt.dir\release\kdtreeaccel.obj
c:\users\s22130235\desktop\project\pbrt-v3\build\pbrt.dir\release\bvh.obj
c:\users\s22130235\desktop\project\pbrt-v3\build\pbrt.dir\release\transform.obj
c:\users\s22130235\desktop\project\pbrt-v3\build\pbrt.dir\release\texture.obj
c:\users\s22130235\desktop\project\pbrt-v3\build\pbrt.dir\release\stats.obj
c:\users\s22130235\desktop\project\pbrt-v3\build\pbrt.dir\release\spectrum.obj
c:\users\s22130235\desktop\project\pbrt-v3\build\pbrt.dir\release\sobolmatrices.obj
c:\users\s22130235\desktop\project\pbrt-v3\build\pbrt.dir\release\shape.obj
c:\users\s22130235\desktop\project\pbrt-v3\build\pbrt.dir\release\scene.obj
c:\users\s22130235\desktop\project\pbrt-v3\build\pbrt.dir\release\sampling.obj
c:\users\s22130235\desktop\project\pbrt-v3\build\pbrt.dir\release\sampler.obj
c:\users\s22130235\desktop\project\pbrt-v3\build\pbrt.dir\release\reflection.obj
c:\users\s22130235\desktop\project\pbrt-v3\build\pbrt.dir\release\quaternion.obj
c:\users\s22130235\desktop\project\pbrt-v3\build\pbrt.dir\release\progressreporter.obj
c:\users\s22130235\desktop\project\pbrt-v3\build\pbrt.dir\release\primitive.obj
c:\users\s22130235\desktop\project\pbrt-v3\build\pbrt.dir\release\parser.obj
c:\users\s22130235\desktop\project\pbrt-v3\build\pbrt.dir\release\paramset.obj
c:\users\s22130235\desktop\project\pbrt-v3\build\pbrt.dir\release\parallel.obj
c:\users\s22130235\desktop\project\pbrt-v3\build\pbrt.dir\release\microfacet.obj
c:\users\s22130235\desktop\project\pbrt-v3\build\pbrt.dir\release\distant.obj
c:\users\s22130235\desktop\project\pbrt-v3\build\pbrt.dir\release\diffuse.obj
c:\users\s22130235\desktop\project\pbrt-v3\build\pbrt.dir\release\whitted.obj
c:\users\s22130235\desktop\project\pbrt-v3\build\pbrt.dir\release\volpath.obj
c:\users\s22130235\desktop\project\pbrt-v3\build\pbrt.dir\release\sppm.obj
c:\users\s22130235\desktop\project\pbrt-v3\build\pbrt.dir\release\path.obj
c:\users\s22130235\desktop\project\pbrt-v3\build\pbrt.dir\release\mlt.obj
c:\users\s22130235\desktop\project\pbrt-v3\build\pbrt.dir\release\directlighting.obj
c:\users\s22130235\desktop\project\pbrt-v3\build\pbrt.dir\release\bdpt.obj
c:\users\s22130235\desktop\project\pbrt-v3\build\pbrt.dir\release\ao.obj
c:\users\s22130235\desktop\project\pbrt-v3\build\pbrt.dir\release\sinc.obj
c:\users\s22130235\desktop\project\pbrt-v3\build\pbrt.dir\release\mitchell.obj
c:\users\s22130235\desktop\project\pbrt-v3\build\pbrt.dir\release\gaussian.obj
c:\users\s22130235\desktop\project\pbrt-v3\build\pbrt.dir\release\box.obj
c:\users\s22130235\desktop\project\pbrt-v3\build\pbrt.dir\release\targa.obj
c:\users\s22130235\desktop\project\pbrt-v3\build\pbrt.dir\release\rply.obj
c:\users\s22130235\desktop\project\pbrt-v3\build\pbrt.dir\release\lodepng.obj
c:\users\s22130235\desktop\project\pbrt-v3\build\pbrt.dir\release\realistic.obj
c:\users\s22130235\desktop\project\pbrt-v3\build\pbrt.dir\release\perspective.obj
c:\users\s22130235\desktop\project\pbrt-v3\build\pbrt.dir\release\orthographic.obj
c:\users\s22130235\desktop\project\pbrt-v3\build\pbrt.dir\release\grid.obj
c:\users\s22130235\desktop\project\pbrt-v3\build\pbrt.dir\release\uber.obj
c:\users\s22130235\desktop\project\pbrt-v3\build\pbrt.dir\release\translucent.obj
c:\users\s22130235\desktop\project\pbrt-v3\build\pbrt.dir\release\subsurface.obj
c:\users\s22130235\desktop\project\pbrt-v3\build\pbrt.dir\release\substrate.obj
c:\users\s22130235\desktop\project\pbrt-v3\build\pbrt.dir\release\plastic.obj
c:\users\s22130235\desktop\project\pbrt-v3\build\pbrt.dir\release\mixmat.obj
c:\users\s22130235\desktop\project\pbrt-v3\build\pbrt.dir\release\mirror.obj
c:\users\s22130235\desktop\project\pbrt-v3\build\pbrt.dir\release\metal.obj
c:\users\s22130235\desktop\project\pbrt-v3\build\pbrt.dir\release\matte.obj
c:\users\s22130235\desktop\project\pbrt-v3\build\pbrt.dir\release\kdsubsurface.obj
c:\users\s22130235\desktop\project\pbrt-v3\build\pbrt.dir\release\hair.obj
c:\users\s22130235\desktop\project\pbrt-v3\build\pbrt.dir\release\glass.obj
c:\users\s22130235\desktop\project\pbrt-v3\build\pbrt.dir\release\fourier.obj
c:\users\s22130235\desktop\project\pbrt-v3\build\pbrt.dir\release\disney.obj
c:\users\s22130235\desktop\project\pbrt-v3\build\pbrt.dir\release\spot.obj
c:\users\s22130235\desktop\project\pbrt-v3\build\pbrt.dir\release\projection.obj
c:\users\s22130235\desktop\project\pbrt-v3\build\pbrt.dir\release\point.obj
c:\users\s22130235\desktop\project\pbrt-v3\build\pbrt.dir\release\infinite.obj
c:\users\s22130235\desktop\project\pbrt-v3\build\pbrt.dir\release\goniometric.obj
c:\users\s22130235\desktop\project\pbrt-v3\build\pbrt.dir\release\checkerboard.obj
c:\users\s22130235\desktop\project\pbrt-v3\build\pbrt.dir\release\bilerp.obj
c:\users\s22130235\desktop\project\pbrt-v3\build\pbrt.dir\release\sphere.obj
c:\users\s22130235\desktop\project\pbrt-v3\build\pbrt.dir\release\plymesh.obj
c:\users\s22130235\desktop\project\pbrt-v3\build\pbrt.dir\release\paraboloid.obj
c:\users\s22130235\desktop\project\pbrt-v3\build\pbrt.dir\release\nurbs.obj
c:\users\s22130235\desktop\project\pbrt-v3\build\pbrt.dir\release\loopsubdiv.obj
c:\users\s22130235\desktop\project\pbrt-v3\build\pbrt.dir\release\hyperboloid.obj
c:\users\s22130235\desktop\project\pbrt-v3\build\pbrt.dir\release\heightfield.obj
c:\users\s22130235\desktop\project\pbrt-v3\build\pbrt.dir\release\disk.obj
c:\users\s22130235\desktop\project\pbrt-v3\build\pbrt.dir\release\cylinder.obj
c:\users\s22130235\desktop\project\pbrt-v3\build\pbrt.dir\release\curve.obj
c:\users\s22130235\desktop\project\pbrt-v3\build\pbrt.dir\release\cone.obj
c:\users\s22130235\desktop\project\pbrt-v3\build\pbrt.dir\release\zerotwosequence.obj
c:\users\s22130235\desktop\project\pbrt-v3\build\pbrt.dir\release\stratified.obj
c:\users\s22130235\desktop\project\pbrt-v3\build\pbrt.dir\release\sobol.obj
c:\users\s22130235\desktop\project\pbrt-v3\build\pbrt.dir\release\random.obj
c:\users\s22130235\desktop\project\pbrt-v3\build\pbrt.dir\release\maxmin.obj
c:\users\s22130235\desktop\project\pbrt-v3\build\pbrt.dir\release\halton.obj
c:\users\s22130235\desktop\project\pbrt-v3\build\pbrt.dir\release\homogeneous.obj
c:\users\s22130235\desktop\project\pbrt-v3\build\pbrt.dir\release\wrinkled.obj
c:\users\s22130235\desktop\project\pbrt-v3\build\pbrt.dir\release\windy.obj
c:\users\s22130235\desktop\project\pbrt-v3\build\pbrt.dir\release\uv.obj
c:\users\s22130235\desktop\project\pbrt-v3\build\pbrt.dir\release\scale.obj
c:\users\s22130235\desktop\project\pbrt-v3\build\pbrt.dir\release\ptex.obj
c:\users\s22130235\desktop\project\pbrt-v3\build\pbrt.dir\release\mix.obj
c:\users\s22130235\desktop\project\pbrt-v3\build\pbrt.dir\release\marble.obj
c:\users\s22130235\desktop\project\pbrt-v3\build\pbrt.dir\release\imagemap.obj
c:\users\s22130235\desktop\project\pbrt-v3\build\pbrt.dir\release\fbm.obj
c:\users\s22130235\desktop\project\pbrt-v3\build\pbrt.dir\release\dots.obj
c:\users\s22130235\desktop\project\pbrt-v3\build\pbrt.dir\release\constant.obj
c:\users\s22130235\desktop\project\pbrt-v3\build\pbrt.dir\release\arhosekskymodel.obj
c:\users\s22130235\desktop\project\pbrt-v3\build\pbrt.dir\release\src\filters\triangle.cpp.obj
c:\users\s22130235\desktop\project\pbrt-v3\build\pbrt.dir\release\src\shapes\triangle.cpp.obj
c:\users\s22130235\desktop\project\pbrt-v3\build\cmakefiles\generate.stamp
c:\users\s22130235\desktop\project\pbrt-v3\build\release\libpbrt.lib
c:\users\s22130235\desktop\project\pbrt-v3\build\pbrt.dir\release\pbrt.tlog\cl.command.1.tlog
c:\users\s22130235\desktop\project\pbrt-v3\build\pbrt.dir\release\pbrt.tlog\cl.items.tlog
c:\users\s22130235\desktop\project\pbrt-v3\build\pbrt.dir\release\pbrt.tlog\cl.read.1.tlog
c:\users\s22130235\desktop\project\pbrt-v3\build\pbrt.dir\release\pbrt.tlog\cl.write.1.tlog
c:\users\s22130235\desktop\project\pbrt-v3\build\pbrt.dir\release\pbrt.tlog\custombuild.command.1.tlog
c:\users\s22130235\desktop\project\pbrt-v3\build\pbrt.dir\release\pbrt.tlog\custombuild.read.1.tlog
c:\users\s22130235\desktop\project\pbrt-v3\build\pbrt.dir\release\pbrt.tlog\custombuild.write.1.tlog
c:\users\s22130235\desktop\project\pbrt-v3\build\pbrt.dir\release\pbrt.tlog\lib-link.read.1.tlog
c:\users\s22130235\desktop\project\pbrt-v3\build\pbrt.dir\release\pbrt.tlog\lib-link.write.1.tlog
c:\users\s22130235\desktop\project\pbrt-v3\build\pbrt.dir\release\pbrt.tlog\lib.command.1.tlog
